<?xml version="1.0" encoding="UTF-8"?>
<testsuite xmlns:xsi="http://www.w3.org/2001/XMLSchema-instance" xsi:noNamespaceSchemaLocation="https://maven.apache.org/surefire/maven-surefire-plugin/xsd/surefire-test-report.xsd" name="io.harshkhandelwal.MathUtilsTest" time="0.018" tests="4" errors="0" skipped="1" failures="0">
  <properties>
[...]
</properties>
  <testcase name="testCircleArea" classname="io.harshkhandelwal.MathUtilsTest" time="0.007"/>
  <testcase name="testAdd" classname="io.harshkhandelwal.MathUtilsTest" time="0.001"/>
  <testcase name="disableMethod" classname="io.harshkhandelwal.MathUtilsTest" time="0">
    <skipped message="void io.harshkhandelwal.MathUtilsTest.disableMethod() is @Disabled"/>
  </testcase>
  <testcase name="testDivide" classname="io.harshkhandelwal.MathUtilsTest" time="0.001"/>
</testsuite>